0 info it worked if it ends with ok
1 verbose cli [ 'node', '/usr/local/bin/npm', 'publish' ]
2 info using npm@1.4.28
3 info using node@v0.10.32
4 verbose publish [ '.' ]
5 verbose cache add [ '.', null ]
6 verbose cache add name=undefined spec="." args=[".",null]
7 verbose parsed url { protocol: null,
7 verbose parsed url   slashes: null,
7 verbose parsed url   auth: null,
7 verbose parsed url   host: null,
7 verbose parsed url   port: null,
7 verbose parsed url   hostname: null,
7 verbose parsed url   hash: null,
7 verbose parsed url   search: null,
7 verbose parsed url   query: null,
7 verbose parsed url   pathname: '.',
7 verbose parsed url   path: '.',
7 verbose parsed url   href: '.' }
8 silly lockFile 3a52ce78- .
9 verbose lock . /Users/benjamin/.npm/3a52ce78-.lock
10 verbose tar pack [ '/Users/benjamin/.npm/tipranksTranslator/0.1.0/package.tgz',
10 verbose tar pack   '.' ]
11 verbose tarball /Users/benjamin/.npm/tipranksTranslator/0.1.0/package.tgz
12 verbose folder .
13 info prepublish tipranksTranslator@0.1.0
14 silly lockFile 1f1177db-tar tar://.
15 verbose lock tar://. /Users/benjamin/.npm/1f1177db-tar.lock
16 silly lockFile b4cdc375-anksTranslator-0-1-0-package-tgz tar:///Users/benjamin/.npm/tipranksTranslator/0.1.0/package.tgz
17 verbose lock tar:///Users/benjamin/.npm/tipranksTranslator/0.1.0/package.tgz /Users/benjamin/.npm/b4cdc375-anksTranslator-0-1-0-package-tgz.lock
18 silly lockFile 1f1177db-tar tar://.
19 silly lockFile 1f1177db-tar tar://.
20 silly lockFile b4cdc375-anksTranslator-0-1-0-package-tgz tar:///Users/benjamin/.npm/tipranksTranslator/0.1.0/package.tgz
21 silly lockFile b4cdc375-anksTranslator-0-1-0-package-tgz tar:///Users/benjamin/.npm/tipranksTranslator/0.1.0/package.tgz
22 silly lockFile 158d0908-tipranksTranslator-0-1-0-package /Users/benjamin/.npm/tipranksTranslator/0.1.0/package
23 verbose lock /Users/benjamin/.npm/tipranksTranslator/0.1.0/package /Users/benjamin/.npm/158d0908-tipranksTranslator-0-1-0-package.lock
24 silly lockFile 158d0908-tipranksTranslator-0-1-0-package /Users/benjamin/.npm/tipranksTranslator/0.1.0/package
25 silly lockFile 158d0908-tipranksTranslator-0-1-0-package /Users/benjamin/.npm/tipranksTranslator/0.1.0/package
26 silly lockFile 3a52ce78- .
27 silly lockFile 3a52ce78- .
28 silly publish { name: 'tipranksTranslator',
28 silly publish   version: '0.1.0',
28 silly publish   description: 'Trasnlates TipRanks angular code around',
28 silly publish   main: 'extract-json.js',
28 silly publish   bin: { tipranksTranslator: 'translator.js' },
28 silly publish   dependencies:
28 silly publish    { bluebird: '^2.3.2',
28 silly publish      cheerio: '^0.17.0',
28 silly publish      commander: '^2.3.0',
28 silly publish      escodegen: '^1.4.1',
28 silly publish      esprima: '^1.2.2',
28 silly publish      glob: '^4.0.6' },
28 silly publish   devDependencies: { mocha: '^1.21.4' },
28 silly publish   scripts: { test: 'mocha' },
28 silly publish   author: { name: 'Benjamin Grunebaum, Sahar Rachamim, TipRanks' },
28 silly publish   license: 'MIT',
28 silly publish   readme: 'Angular-Auto-Translate\n======================\n\nTranslating multiple languages in Angular through JSON seamlessly\n\nWe use this at TipRanks internally, anyone who wants to read the code have a go - but this is for internal use and we do not intend to provide support any external users. Pull requests will be entertained if accompanied by tests.\n\n###What this does\n\nThis package is meant for processing multiple languages in Angular. Translation files are stored in JSON and the script uses esprima/escodegen or cheerio to swap the file content with the relevant translation.\n\nTranslating is hard and working with foreign JSON files isn\'t fun, especially when you need to debug how something looks in a foreign language and you end up going back and forth between JSON translations and HTML files.\n\nThis solves that problem. \n\nFor example, you can take:\n\n    var foo = translated("greeting","Hello!");\n    \nRun this with fileToJson and lang=en and get\n\n    {"greeting":{"en": "Hello!"}\n\nThen have a translator write the same text in German, getting\n\n    {"greeting":{"en": "Hello!","de":"Hallo!"}\n\nNow, if you want to build or debug the german version, you can run the code with the jsonToFile option and get:\n\n    var foo = translated("greeting","Hallo!");\n\nWhen you\'re done working on it, you can push it back to the json and load another version. This also has the advantage that translation is a build step and there is no performance overhead in having a translated site.\n\nThe HTML syntax is `<tr-translated="greeting">Hello</tr-translated>` and does the same thing. \n\n###Usage\n\nGenerating or updating the JSON from an HTML or JS file:\n\n```\nnode translator.js  --source=YOURJSOrHTMLSourceFile --json=YOURJSON.json --lang=en --dir=fileToJson\n```\n\nUpdating the HTML or JS file with JSON\n\n```\nnode translator.js  --source=YOURJSOrHTMLSourceFile --json=YOURJSON.json --lang=en --dir=fileToJson\n```\n\n\n###Running tests\n  \nRun the tests using `mocha tests`. \n\n\nUsers may use it under the MIT license.\n',
28 silly publish   readmeFilename: 'README.md',
28 silly publish   gitHead: '5460273f2dde642442ca6b143ff05b053720b4aa',
28 silly publish   _id: 'tipranksTranslator@0.1.0',
28 silly publish   _shasum: '1dd6692c5cdb9a76a5f965e09985b9688b4b697c',
28 silly publish   _from: '.' }
29 verbose request where is /tipranksTranslator
30 verbose request registry https://registry.npmjs.org/
31 verbose request id 353abffafeafb6d7
32 verbose url raw /tipranksTranslator
33 verbose url resolving [ 'https://registry.npmjs.org/', './tipranksTranslator' ]
34 verbose url resolved https://registry.npmjs.org/tipranksTranslator
35 verbose request where is https://registry.npmjs.org/tipranksTranslator
36 info trying registry request attempt 1 at 16:16:45
37 http PUT https://registry.npmjs.org/tipranksTranslator
38 http 403 https://registry.npmjs.org/tipranksTranslator
39 verbose headers { date: 'Fri, 26 Sep 2014 13:16:46 GMT',
39 verbose headers   server: 'CouchDB/1.5.0 (Erlang OTP/R16B03)',
39 verbose headers   'content-type': 'application/json',
39 verbose headers   'cache-control': 'max-age=60',
39 verbose headers   'content-length': '76',
39 verbose headers   'accept-ranges': 'bytes',
39 verbose headers   via: '1.1 varnish',
39 verbose headers   'x-served-by': 'cache-lo81-LHR',
39 verbose headers   'x-cache': 'MISS',
39 verbose headers   'x-cache-hits': '0',
39 verbose headers   'x-timer': 'S1411737405.775459,VS0,VE608',
39 verbose headers   'keep-alive': 'timeout=10, max=50',
39 verbose headers   connection: 'Keep-Alive' }
40 error publish Failed PUT 403
41 error Error: forbidden New packages must have all-lowercase names: tipranksTranslator
41 error     at RegClient.<anonymous> (/usr/local/lib/node_modules/npm/node_modules/npm-registry-client/lib/request.js:308:14)
41 error     at Request._callback (/usr/local/lib/node_modules/npm/node_modules/npm-registry-client/lib/request.js:246:65)
41 error     at Request.self.callback (/usr/local/lib/node_modules/npm/node_modules/request/request.js:236:22)
41 error     at Request.emit (events.js:98:17)
41 error     at Request.<anonymous> (/usr/local/lib/node_modules/npm/node_modules/request/request.js:1142:14)
41 error     at Request.emit (events.js:117:20)
41 error     at IncomingMessage.<anonymous> (/usr/local/lib/node_modules/npm/node_modules/request/request.js:1096:12)
41 error     at IncomingMessage.emit (events.js:117:20)
41 error     at _stream_readable.js:943:16
41 error     at process._tickCallback (node.js:419:13)
42 error If you need help, you may report this *entire* log,
42 error including the npm and node versions, at:
42 error     <http://github.com/npm/npm/issues>
43 error System Darwin 14.0.0
44 error command "node" "/usr/local/bin/npm" "publish"
45 error cwd /Users/benjamin/Desktop/translator/Angular-Auto-Translate
46 error node -v v0.10.32
47 error npm -v 1.4.28
48 verbose exit [ 1, true ]
